生成启动时间为 2019/11/25 14:14:47。
     1>项目“F:\c++Project\DesignPatterns\模板方法模式\模板方法模式.vcxproj”在节点 2 上(Build 个目标)。
     1>InitializeBuildStatus:
         正在对“Debug\模板方法模式.tlog\unsuccessfulbuild”执行 Touch 任务。
       ClCompile:
         D:\Program Files (x86)\Microsoft Visual Studio\2019\Community\VC\Tools\MSVC\14.22.27905\bin\HostX86\x86\CL.exe /c /ZI /JMC /nologo /W3 /WX- /diagnostics:column /sdl /Od /Oy- /D WIN32 /D _DEBUG /D _CONSOLE /D _MBCS /Gm- /EHsc /RTC1 /MDd /GS /fp:precise /permissive- /Zc:wchar_t /Zc:forScope /Zc:inline /Fo"Debug\\" /Fd"Debug\vc142.pdb" /Gd /TP /analyze- /FC /errorReport:prompt CaffeineBeverage.cpp "模板方法模式.cpp"
         CaffeineBeverage.cpp
         模板方法模式.cpp
         正在生成代码...
       Link:
         D:\Program Files (x86)\Microsoft Visual Studio\2019\Community\VC\Tools\MSVC\14.22.27905\bin\HostX86\x86\link.exe /ERRORREPORT:PROMPT /OUT:"F:\c++Project\DesignPatterns\设计模式\Debug\模板方法模式.exe" /INCREMENTAL /NOLOGO kernel32.lib user32.lib gdi32.lib winspool.lib comdlg32.lib advapi32.lib shell32.lib ole32.lib oleaut32.lib uuid.lib odbc32.lib odbccp32.lib /MANIFEST /MANIFESTUAC:"level='asInvoker' uiAccess='false'" /manifest:embed /DEBUG:FASTLINK /PDB:"F:\c++Project\DesignPatterns\设计模式\Debug\模板方法模式.pdb" /SUBSYSTEM:CONSOLE /TLBID:1 /DYNAMICBASE /NXCOMPAT /IMPLIB:"F:\c++Project\DesignPatterns\设计模式\Debug\模板方法模式.lib" /MACHINE:X86 Debug\CaffeineBeverage.obj
         "Debug\模板方法模式.obj"
         模板方法模式.vcxproj -> F:\c++Project\DesignPatterns\设计模式\Debug\模板方法模式.exe
       FinalizeBuildStatus:
         正在删除文件“Debug\模板方法模式.tlog\unsuccessfulbuild”。
         正在对“Debug\模板方法模式.tlog\模板方法模式.lastbuildstate”执行 Touch 任务。
     1>已完成生成项目“F:\c++Project\DesignPatterns\模板方法模式\模板方法模式.vcxproj”(Build 个目标)的操作。

已成功生成。
    0 个警告
    0 个错误

已用时间 00:00:01.86
